<?xml version="1.0" encoding="UTF-8"?>
<testsuites>
  <testsuite name="AllTests" tests="297" assertions="979" failures="3" errors="0" time="10.697175">
    <testsuite name="WebStream\Test\AnnotationTest" file="/Users/stay/workspace2/WebStream/core/test/AnnotationTest.php" namespace="WebStream\Test" fullPackage="WebStream.Test" tests="11" assertions="21" failures="0" errors="0" time="0.036833">
      <testcase name="testOkGetInjectAnnotation" class="WebStream\Test\AnnotationTest" file="/Users/stay/workspace2/WebStream/core/test/AnnotationTest.php" line="21" assertions="1" time="0.006070"/>
      <testcase name="testOkClassAnnotation" class="WebStream\Test\AnnotationTest" file="/Users/stay/workspace2/WebStream/core/test/AnnotationTest.php" line="31" assertions="2" time="0.007036"/>
      <testcase name="testOkMethodAnnotation" class="WebStream\Test\AnnotationTest" file="/Users/stay/workspace2/WebStream/core/test/AnnotationTest.php" line="42" assertions="2" time="0.002754"/>
      <testcase name="testOkClassAnnotations" class="WebStream\Test\AnnotationTest" file="/Users/stay/workspace2/WebStream/core/test/AnnotationTest.php" line="53" assertions="2" time="0.002671"/>
      <testcase name="testOkMethodAnnotations" class="WebStream\Test\AnnotationTest" file="/Users/stay/workspace2/WebStream/core/test/AnnotationTest.php" line="64" assertions="2" time="0.002717"/>
      <testcase name="testOkSuperClassAnnotation" class="WebStream\Test\AnnotationTest" file="/Users/stay/workspace2/WebStream/core/test/AnnotationTest.php" line="75" assertions="2" time="0.002522"/>
      <testcase name="testOkSuperClassDupulicateAnnotation" class="WebStream\Test\AnnotationTest" file="/Users/stay/workspace2/WebStream/core/test/AnnotationTest.php" line="86" assertions="4" time="0.002661"/>
      <testcase name="testOkSuperClassMethodAnnotation" class="WebStream\Test\AnnotationTest" file="/Users/stay/workspace2/WebStream/core/test/AnnotationTest.php" line="99" assertions="1" time="0.002651"/>
      <testcase name="testOkSuperClassMethodAnnotations" class="WebStream\Test\AnnotationTest" file="/Users/stay/workspace2/WebStream/core/test/AnnotationTest.php" line="109" assertions="2" time="0.002639"/>
      <testcase name="testOkSuperClassDupulicateMethodAnnotation" class="WebStream\Test\AnnotationTest" file="/Users/stay/workspace2/WebStream/core/test/AnnotationTest.php" line="120" assertions="2" time="0.002661"/>
      <testcase name="testNgGetInjectAnnotation" class="WebStream\Test\AnnotationTest" file="/Users/stay/workspace2/WebStream/core/test/AnnotationTest.php" line="131" assertions="1" time="0.002451"/>
    </testsuite>
    <testsuite name="WebStream\Test\CacheTest" file="/Users/stay/workspace2/WebStream/core/test/CacheTest.php" namespace="WebStream\Test" fullPackage="WebStream.Test" tests="15" assertions="20" failures="0" errors="0" time="2.033467">
      <testcase name="testOkCreateCache" class="WebStream\Test\CacheTest" file="/Users/stay/workspace2/WebStream/core/test/CacheTest.php" line="26" assertions="1" time="0.001121"/>
      <testsuite name="WebStream\Test\CacheTest::testOkCreateCacheCustomDir" tests="1" assertions="1" failures="0" errors="0" time="0.000802">
        <testcase name="testOkCreateCacheCustomDir with data set #0" assertions="1" time="0.000802"/>
      </testsuite>
      <testsuite name="WebStream\Test\CacheTest::testOkSave" tests="4" assertions="4" failures="0" errors="0" time="0.011732">
        <testcase name="testOkSave with data set #0" assertions="1" time="0.003748"/>
        <testcase name="testOkSave with data set #1" assertions="1" time="0.001976"/>
        <testcase name="testOkSave with data set #2" assertions="1" time="0.003045"/>
        <testcase name="testOkSave with data set #3" assertions="1" time="0.002963"/>
      </testsuite>
      <testsuite name="WebStream\Test\CacheTest::testOkMetaData" tests="2" assertions="2" failures="0" errors="0" time="0.003398">
        <testcase name="testOkMetaData with data set #0" assertions="1" time="0.001560"/>
        <testcase name="testOkMetaData with data set #1" assertions="1" time="0.001838"/>
      </testsuite>
      <testsuite name="WebStream\Test\CacheTest::testOkDeleteCache" tests="1" assertions="3" failures="0" errors="0" time="0.002526">
        <testcase name="testOkDeleteCache with data set #0" assertions="3" time="0.002526"/>
      </testsuite>
      <testsuite name="WebStream\Test\CacheTest::testOkOverwriteSave" tests="1" assertions="2" failures="0" errors="0" time="0.003616">
        <testcase name="testOkOverwriteSave with data set #0" assertions="2" time="0.003616"/>
      </testsuite>
      <testsuite name="WebStream\Test\CacheTest::testOkWriteArrayData" tests="1" assertions="1" failures="0" errors="0" time="0.002421">
        <testcase name="testOkWriteArrayData with data set #0" assertions="1" time="0.002421"/>
      </testsuite>
      <testsuite name="WebStream\Test\CacheTest::testNgInvalidSaveDir" tests="1" assertions="1" failures="0" errors="0" time="0.001298">
        <testcase name="testNgInvalidSaveDir with data set #0" assertions="1" time="0.001298"/>
      </testsuite>
      <testsuite name="WebStream\Test\CacheTest::testNgCreateCacheCustomDir" tests="1" assertions="1" failures="0" errors="0" time="0.000713">
        <testcase name="testNgCreateCacheCustomDir with data set #0" assertions="1" time="0.000713"/>
      </testsuite>
      <testsuite name="WebStream\Test\CacheTest::testNgInvalidDeletePath" tests="1" assertions="1" failures="0" errors="0" time="0.001082">
        <testcase name="testNgInvalidDeletePath with data set #0" assertions="1" time="0.001082"/>
      </testsuite>
      <testsuite name="WebStream\Test\CacheTest::testNgTimeOverCache" tests="1" assertions="3" failures="0" errors="0" time="2.004758">
        <testcase name="testNgTimeOverCache with data set #0" assertions="3" time="2.004758"/>
      </testsuite>
    </testsuite>
    <testsuite name="WebStream\Test\CoreModelTest" file="/Users/stay/workspace2/WebStream/core/test/CoreModelTest.php" namespace="WebStream\Test" fullPackage="WebStream.Test" tests="13" assertions="623" failures="0" errors="0" time="0.828284">
      <testsuite name="WebStream\Test\CoreModelTest::testOkExecuteSQL" tests="2" assertions="2" failures="0" errors="0" time="0.046927">
        <testcase name="testOkExecuteSQL with data set #0" assertions="1" time="0.029564"/>
        <testcase name="testOkExecuteSQL with data set #1" assertions="1" time="0.017363"/>
      </testsuite>
      <testcase name="testOkExecuteMapping" class="WebStream\Test\CoreModelTest" file="/Users/stay/workspace2/WebStream/core/test/CoreModelTest.php" line="91" assertions="609" time="0.024859"/>
      <testcase name="testOkExecuteMappingWithMerge" class="WebStream\Test\CoreModelTest" file="/Users/stay/workspace2/WebStream/core/test/CoreModelTest.php" line="104" assertions="2" time="0.020762"/>
      <testcase name="testOkChangeDatabase" class="WebStream\Test\CoreModelTest" file="/Users/stay/workspace2/WebStream/core/test/CoreModelTest.php" line="133" assertions="1" time="0.023801"/>
      <testcase name="testOkInjectedSQL" class="WebStream\Test\CoreModelTest" file="/Users/stay/workspace2/WebStream/core/test/CoreModelTest.php" line="143" assertions="1" time="0.018089"/>
      <testcase name="testOkInjectedSQLWithBind" class="WebStream\Test\CoreModelTest" file="/Users/stay/workspace2/WebStream/core/test/CoreModelTest.php" line="153" assertions="2" time="0.016506"/>
      <testcase name="testOkInjectedSQLWithBindByJoin" class="WebStream\Test\CoreModelTest" file="/Users/stay/workspace2/WebStream/core/test/CoreModelTest.php" line="164" assertions="1" time="0.604883"/>
      <testcase name="testNgExecuteMapping" class="WebStream\Test\CoreModelTest" file="/Users/stay/workspace2/WebStream/core/test/CoreModelTest.php" line="175" assertions="1" time="0.016336"/>
      <testcase name="testNgNotFoundPropertiesAnnotation" class="WebStream\Test\CoreModelTest" file="/Users/stay/workspace2/WebStream/core/test/CoreModelTest.php" line="185" assertions="1" time="0.014607"/>
      <testcase name="testNgNotFoundTableAnnotation" class="WebStream\Test\CoreModelTest" file="/Users/stay/workspace2/WebStream/core/test/CoreModelTest.php" line="194" assertions="1" time="0.013397"/>
      <testcase name="testNgNotFoundDatabaseAnnotation" class="WebStream\Test\CoreModelTest" file="/Users/stay/workspace2/WebStream/core/test/CoreModelTest.php" line="203" assertions="1" time="0.012338"/>
      <testcase name="testNgDuplicatePropertiesKey" class="WebStream\Test\CoreModelTest" file="/Users/stay/workspace2/WebStream/core/test/CoreModelTest.php" line="212" assertions="1" time="0.015778"/>
    </testsuite>
    <testsuite name="WebStream\Test\DatabaseTest" file="/Users/stay/workspace2/WebStream/core/test/DatabaseTest.php" namespace="WebStream\Test" fullPackage="WebStream.Test" tests="4" assertions="4" failures="0" errors="0" time="0.066648">
      <testcase name="testOkInsert" class="WebStream\Test\DatabaseTest" file="/Users/stay/workspace2/WebStream/core/test/DatabaseTest.php" line="34" assertions="1" time="0.014188"/>
      <testcase name="testOkSelect" class="WebStream\Test\DatabaseTest" file="/Users/stay/workspace2/WebStream/core/test/DatabaseTest.php" line="45" assertions="1" time="0.016547"/>
      <testcase name="testOkUpdate" class="WebStream\Test\DatabaseTest" file="/Users/stay/workspace2/WebStream/core/test/DatabaseTest.php" line="60" assertions="1" time="0.015632"/>
      <testcase name="testOnDelete" class="WebStream\Test\DatabaseTest" file="/Users/stay/workspace2/WebStream/core/test/DatabaseTest.php" line="79" assertions="1" time="0.020281"/>
    </testsuite>
    <testsuite name="WebStream\Test\HttpAgentTest" file="/Users/stay/workspace2/WebStream/core/test/HttpAgentTest.php" namespace="WebStream\Test" fullPackage="WebStream.Test" tests="10" assertions="20" failures="0" errors="0" time="3.899240">
      <testcase name="testOkGet" class="WebStream\Test\HttpAgentTest" file="/Users/stay/workspace2/WebStream/core/test/HttpAgentTest.php" line="26" assertions="2" time="0.809604"/>
      <testcase name="testOkGetRss" class="WebStream\Test\HttpAgentTest" file="/Users/stay/workspace2/WebStream/core/test/HttpAgentTest.php" line="38" assertions="2" time="0.720490"/>
      <testcase name="testOkGetJson" class="WebStream\Test\HttpAgentTest" file="/Users/stay/workspace2/WebStream/core/test/HttpAgentTest.php" line="51" assertions="2" time="0.695716"/>
      <testcase name="testOkGetBasicAuth" class="WebStream\Test\HttpAgentTest" file="/Users/stay/workspace2/WebStream/core/test/HttpAgentTest.php" line="64" assertions="2" time="0.304064"/>
      <testcase name="testOkPost" class="WebStream\Test\HttpAgentTest" file="/Users/stay/workspace2/WebStream/core/test/HttpAgentTest.php" line="80" assertions="2" time="0.467944"/>
      <testcase name="testNgGetTimeout" class="WebStream\Test\HttpAgentTest" file="/Users/stay/workspace2/WebStream/core/test/HttpAgentTest.php" line="92" assertions="2" time="0.259269"/>
      <testcase name="testNgPostTimeout" class="WebStream\Test\HttpAgentTest" file="/Users/stay/workspace2/WebStream/core/test/HttpAgentTest.php" line="107" assertions="2" time="0.260943"/>
      <testcase name="testNgGetNotFound" class="WebStream\Test\HttpAgentTest" file="/Users/stay/workspace2/WebStream/core/test/HttpAgentTest.php" line="122" assertions="2" time="0.108220"/>
      <testcase name="testNgPostNotFound" class="WebStream\Test\HttpAgentTest" file="/Users/stay/workspace2/WebStream/core/test/HttpAgentTest.php" line="135" assertions="2" time="0.007019"/>
      <testcase name="testNgGetBasicAuth" class="WebStream\Test\HttpAgentTest" file="/Users/stay/workspace2/WebStream/core/test/HttpAgentTest.php" line="149" assertions="2" time="0.265971"/>
    </testsuite>
    <testsuite name="WebStream\Test\LoggerTest" file="/Users/stay/workspace2/WebStream/core/test/LoggerTest.php" namespace="WebStream\Test" fullPackage="WebStream.Test" tests="78" assertions="83" failures="0" errors="0" time="0.253179">
      <testsuite name="WebStream\Test\LoggerTest::testOkWriteDebug" tests="10" assertions="10" failures="0" errors="0" time="0.034696">
        <testcase name="testOkWriteDebug with data set #0" assertions="1" time="0.010128"/>
        <testcase name="testOkWriteDebug with data set #1" assertions="1" time="0.003103"/>
        <testcase name="testOkWriteDebug with data set #2" assertions="1" time="0.002827"/>
        <testcase name="testOkWriteDebug with data set #3" assertions="1" time="0.002441"/>
        <testcase name="testOkWriteDebug with data set #4" assertions="1" time="0.003110"/>
        <testcase name="testOkWriteDebug with data set #5" assertions="1" time="0.002467"/>
        <testcase name="testOkWriteDebug with data set #6" assertions="1" time="0.002643"/>
        <testcase name="testOkWriteDebug with data set #7" assertions="1" time="0.002467"/>
        <testcase name="testOkWriteDebug with data set #8" assertions="1" time="0.002926"/>
        <testcase name="testOkWriteDebug with data set #9" assertions="1" time="0.002584"/>
      </testsuite>
      <testsuite name="WebStream\Test\LoggerTest::testOkWriteInfo" tests="10" assertions="10" failures="0" errors="0" time="0.026242">
        <testcase name="testOkWriteInfo with data set #0" assertions="1" time="0.002164"/>
        <testcase name="testOkWriteInfo with data set #1" assertions="1" time="0.002040"/>
        <testcase name="testOkWriteInfo with data set #2" assertions="1" time="0.002882"/>
        <testcase name="testOkWriteInfo with data set #3" assertions="1" time="0.002498"/>
        <testcase name="testOkWriteInfo with data set #4" assertions="1" time="0.002582"/>
        <testcase name="testOkWriteInfo with data set #5" assertions="1" time="0.002485"/>
        <testcase name="testOkWriteInfo with data set #6" assertions="1" time="0.003359"/>
        <testcase name="testOkWriteInfo with data set #7" assertions="1" time="0.002987"/>
        <testcase name="testOkWriteInfo with data set #8" assertions="1" time="0.002637"/>
        <testcase name="testOkWriteInfo with data set #9" assertions="1" time="0.002608"/>
      </testsuite>
      <testsuite name="WebStream\Test\LoggerTest::testOkWriteWarn" tests="10" assertions="10" failures="0" errors="0" time="0.025843">
        <testcase name="testOkWriteWarn with data set #0" assertions="1" time="0.002190"/>
        <testcase name="testOkWriteWarn with data set #1" assertions="1" time="0.002028"/>
        <testcase name="testOkWriteWarn with data set #2" assertions="1" time="0.002459"/>
        <testcase name="testOkWriteWarn with data set #3" assertions="1" time="0.002599"/>
        <testcase name="testOkWriteWarn with data set #4" assertions="1" time="0.002741"/>
        <testcase name="testOkWriteWarn with data set #5" assertions="1" time="0.002452"/>
        <testcase name="testOkWriteWarn with data set #6" assertions="1" time="0.002804"/>
        <testcase name="testOkWriteWarn with data set #7" assertions="1" time="0.003082"/>
        <testcase name="testOkWriteWarn with data set #8" assertions="1" time="0.003011"/>
        <testcase name="testOkWriteWarn with data set #9" assertions="1" time="0.002478"/>
      </testsuite>
      <testsuite name="WebStream\Test\LoggerTest::testOkWriteError" tests="10" assertions="10" failures="0" errors="0" time="0.023158">
        <testcase name="testOkWriteError with data set #0" assertions="1" time="0.002106"/>
        <testcase name="testOkWriteError with data set #1" assertions="1" time="0.002191"/>
        <testcase name="testOkWriteError with data set #2" assertions="1" time="0.002040"/>
        <testcase name="testOkWriteError with data set #3" assertions="1" time="0.002003"/>
        <testcase name="testOkWriteError with data set #4" assertions="1" time="0.002126"/>
        <testcase name="testOkWriteError with data set #5" assertions="1" time="0.002065"/>
        <testcase name="testOkWriteError with data set #6" assertions="1" time="0.003028"/>
        <testcase name="testOkWriteError with data set #7" assertions="1" time="0.002537"/>
        <testcase name="testOkWriteError with data set #8" assertions="1" time="0.002630"/>
        <testcase name="testOkWriteError with data set #9" assertions="1" time="0.002432"/>
      </testsuite>
      <testsuite name="WebStream\Test\LoggerTest::testOkWriteFatal" tests="10" assertions="10" failures="0" errors="0" time="0.022273">
        <testcase name="testOkWriteFatal with data set #0" assertions="1" time="0.002408"/>
        <testcase name="testOkWriteFatal with data set #1" assertions="1" time="0.002134"/>
        <testcase name="testOkWriteFatal with data set #2" assertions="1" time="0.002051"/>
        <testcase name="testOkWriteFatal with data set #3" assertions="1" time="0.002053"/>
        <testcase name="testOkWriteFatal with data set #4" assertions="1" time="0.002000"/>
        <testcase name="testOkWriteFatal with data set #5" assertions="1" time="0.002230"/>
        <testcase name="testOkWriteFatal with data set #6" assertions="1" time="0.002048"/>
        <testcase name="testOkWriteFatal with data set #7" assertions="1" time="0.001994"/>
        <testcase name="testOkWriteFatal with data set #8" assertions="1" time="0.002628"/>
        <testcase name="testOkWriteFatal with data set #9" assertions="1" time="0.002726"/>
      </testsuite>
      <testsuite name="WebStream\Test\LoggerTest::testOkRotateCycleWithinDay" tests="2" assertions="2" failures="0" errors="0" time="0.006169">
        <testcase name="testOkRotateCycleWithinDay with data set #0" assertions="1" time="0.003206"/>
        <testcase name="testOkRotateCycleWithinDay with data set #1" assertions="1" time="0.002963"/>
      </testsuite>
      <testsuite name="WebStream\Test\LoggerTest::testOkRotateCycleDay" tests="2" assertions="2" failures="0" errors="0" time="0.007897">
        <testcase name="testOkRotateCycleDay with data set #0" assertions="1" time="0.004012"/>
        <testcase name="testOkRotateCycleDay with data set #1" assertions="1" time="0.003885"/>
      </testsuite>
      <testsuite name="WebStream\Test\LoggerTest::testOkRotateCycleWithinWeek" tests="2" assertions="2" failures="0" errors="0" time="0.006329">
        <testcase name="testOkRotateCycleWithinWeek with data set #0" assertions="1" time="0.003111"/>
        <testcase name="testOkRotateCycleWithinWeek with data set #1" assertions="1" time="0.003218"/>
      </testsuite>
      <testsuite name="WebStream\Test\LoggerTest::testOkRotateCycleWeek" tests="2" assertions="2" failures="0" errors="0" time="0.007446">
        <testcase name="testOkRotateCycleWeek with data set #0" assertions="1" time="0.003872"/>
        <testcase name="testOkRotateCycleWeek with data set #1" assertions="1" time="0.003574"/>
      </testsuite>
      <testsuite name="WebStream\Test\LoggerTest::testOkRotateCycleWithinMonth" tests="2" assertions="2" failures="0" errors="0" time="0.006117">
        <testcase name="testOkRotateCycleWithinMonth with data set #0" assertions="1" time="0.003146"/>
        <testcase name="testOkRotateCycleWithinMonth with data set #1" assertions="1" time="0.002971"/>
      </testsuite>
      <testsuite name="WebStream\Test\LoggerTest::testOkRotateCycleMonth" tests="2" assertions="2" failures="0" errors="0" time="0.007164">
        <testcase name="testOkRotateCycleMonth with data set #0" assertions="1" time="0.003584"/>
        <testcase name="testOkRotateCycleMonth with data set #1" assertions="1" time="0.003580"/>
      </testsuite>
      <testsuite name="WebStream\Test\LoggerTest::testOkRotateCycleWithinYear" tests="2" assertions="2" failures="0" errors="0" time="0.006034">
        <testcase name="testOkRotateCycleWithinYear with data set #0" assertions="1" time="0.003072"/>
        <testcase name="testOkRotateCycleWithinYear with data set #1" assertions="1" time="0.002962"/>
      </testsuite>
      <testsuite name="WebStream\Test\LoggerTest::testOkRotateCycleYear" tests="2" assertions="2" failures="0" errors="0" time="0.007302">
        <testcase name="testOkRotateCycleYear with data set #0" assertions="1" time="0.003747"/>
        <testcase name="testOkRotateCycleYear with data set #1" assertions="1" time="0.003555"/>
      </testsuite>
      <testsuite name="WebStream\Test\LoggerTest::testOkRotateSize" tests="2" assertions="2" failures="0" errors="0" time="0.028507">
        <testcase name="testOkRotateSize with data set #0" assertions="1" time="0.010780"/>
        <testcase name="testOkRotateSize with data set #1" assertions="1" time="0.017727"/>
      </testsuite>
      <testsuite name="WebStream\Test\LoggerTest::testOkRotateSizeWithin" tests="2" assertions="2" failures="0" errors="0" time="0.017944">
        <testcase name="testOkRotateSizeWithin with data set #0" assertions="1" time="0.012570"/>
        <testcase name="testOkRotateSizeWithin with data set #1" assertions="1" time="0.005374"/>
      </testsuite>
      <testcase name="testNgConfigFileNotFound" class="WebStream\Test\LoggerTest" file="/Users/stay/workspace2/WebStream/core/test/LoggerTest.php" line="521" assertions="2" time="0.002787"/>
      <testcase name="testNgInvalidConfigPath" class="WebStream\Test\LoggerTest" file="/Users/stay/workspace2/WebStream/core/test/LoggerTest.php" line="533" assertions="2" time="0.002223"/>
      <testcase name="testNgInvalidLogLevel" class="WebStream\Test\LoggerTest" file="/Users/stay/workspace2/WebStream/core/test/LoggerTest.php" line="545" assertions="2" time="0.002655"/>
      <testcase name="testNgNotPermittedWriteLog" class="WebStream\Test\LoggerTest" file="/Users/stay/workspace2/WebStream/core/test/LoggerTest.php" line="556" assertions="1" time="0.002722"/>
      <testsuite name="WebStream\Test\LoggerTest::testNgNotFoundRotateCycleConfig" tests="1" assertions="1" failures="0" errors="0" time="0.002366">
        <testcase name="testNgNotFoundRotateCycleConfig with data set #0" assertions="1" time="0.002366"/>
      </testsuite>
      <testsuite name="WebStream\Test\LoggerTest::testNgInvalidRotateCycleConfig" tests="1" assertions="2" failures="0" errors="0" time="0.002209">
        <testcase name="testNgInvalidRotateCycleConfig with data set #0" assertions="2" time="0.002209"/>
      </testsuite>
      <testsuite name="WebStream\Test\LoggerTest::testNgNotFoundRotateSizeConfig" tests="1" assertions="1" failures="0" errors="0" time="0.002804">
        <testcase name="testNgNotFoundRotateSizeConfig with data set #0" assertions="1" time="0.002804"/>
      </testsuite>
      <testsuite name="WebStream\Test\LoggerTest::testNgInvalidRotateSizeConfig" tests="1" assertions="2" failures="0" errors="0" time="0.002292">
        <testcase name="testNgInvalidRotateSizeConfig with data set #0" assertions="2" time="0.002292"/>
      </testsuite>
    </testsuite>
    <testsuite name="WebStream\Test\RouterTest" file="/Users/stay/workspace2/WebStream/core/test/RouterTest.php" namespace="WebStream\Test" fullPackage="WebStream.Test" tests="94" assertions="133" failures="0" errors="0" time="2.163470">
      <testsuite name="WebStream\Test\RouterTest::testOkResolveRootPath" tests="1" assertions="1" failures="0" errors="0" time="0.019874">
        <testcase name="testOkResolveRootPath with data set #0" assertions="1" time="0.019874"/>
      </testsuite>
      <testsuite name="WebStream\Test\RouterTest::testOkResolveWithoutPlaceHolder" tests="1" assertions="1" failures="0" errors="0" time="0.020771">
        <testcase name="testOkResolveWithoutPlaceHolder with data set #0" assertions="1" time="0.020771"/>
      </testsuite>
      <testsuite name="WebStream\Test\RouterTest::testOkResolveWithPlaceHolder" tests="1" assertions="1" failures="0" errors="0" time="0.023868">
        <testcase name="testOkResolveWithPlaceHolder with data set #0" assertions="1" time="0.023868"/>
      </testsuite>
      <testsuite name="WebStream\Test\RouterTest::testOkResolveCamelAction" tests="2" assertions="2" failures="0" errors="0" time="0.041025">
        <testcase name="testOkResolveCamelAction with data set #0" assertions="1" time="0.020635"/>
        <testcase name="testOkResolveCamelAction with data set #1" assertions="1" time="0.020390"/>
      </testsuite>
      <testsuite name="WebStream\Test\RouterTest::testOkResolveWithPlaceHolderFormat" tests="1" assertions="1" failures="0" errors="0" time="0.020962">
        <testcase name="testOkResolveWithPlaceHolderFormat with data set #0" assertions="1" time="0.020962"/>
      </testsuite>
      <testsuite name="WebStream\Test\RouterTest::testOkSnakeController" tests="2" assertions="2" failures="0" errors="0" time="0.037999">
        <testcase name="testOkSnakeController with data set #0" assertions="1" time="0.018742"/>
        <testcase name="testOkSnakeController with data set #1" assertions="1" time="0.019257"/>
      </testsuite>
      <testsuite name="WebStream\Test\RouterTest::testOkUriWithEncodedString" tests="1" assertions="2" failures="0" errors="0" time="0.020743">
        <testcase name="testOkUriWithEncodedString with data set #0" assertions="2" time="0.020743"/>
      </testsuite>
      <testsuite name="WebStream\Test\RouterTest::testOkResolveSimilarUrl" tests="2" assertions="4" failures="0" errors="0" time="0.041535">
        <testcase name="testOkResolveSimilarUrl with data set #0" assertions="2" time="0.020871"/>
        <testcase name="testOkResolveSimilarUrl with data set #1" assertions="2" time="0.020664"/>
      </testsuite>
      <testsuite name="WebStream\Test\RouterTest::testOkNoServiceClass" tests="1" assertions="2" failures="0" errors="0" time="0.020794">
        <testcase name="testOkNoServiceClass with data set #0" assertions="2" time="0.020794"/>
      </testsuite>
      <testsuite name="WebStream\Test\RouterTest::testOkNoServiceMethod" tests="1" assertions="2" failures="0" errors="0" time="0.020664">
        <testcase name="testOkNoServiceMethod with data set #0" assertions="2" time="0.020664"/>
      </testsuite>
      <testsuite name="WebStream\Test\RouterTest::testOkSendParamFromControllerToModel" tests="2" assertions="4" failures="0" errors="0" time="0.042129">
        <testcase name="testOkSendParamFromControllerToModel with data set #0" assertions="2" time="0.021231"/>
        <testcase name="testOkSendParamFromControllerToModel with data set #1" assertions="2" time="0.020898"/>
      </testsuite>
      <testsuite name="WebStream\Test\RouterTest::testOkRenderTemplate" tests="5" assertions="10" failures="0" errors="0" time="0.100598">
        <testcase name="testOkRenderTemplate with data set #0" assertions="2" time="0.019565"/>
        <testcase name="testOkRenderTemplate with data set #1" assertions="2" time="0.019726"/>
        <testcase name="testOkRenderTemplate with data set #2" assertions="2" time="0.021607"/>
        <testcase name="testOkRenderTemplate with data set #3" assertions="2" time="0.019988"/>
        <testcase name="testOkRenderTemplate with data set #4" assertions="2" time="0.019712"/>
      </testsuite>
      <testsuite name="WebStream\Test\RouterTest::testOkRenderLayoutTemplate" tests="2" assertions="4" failures="0" errors="0" time="0.040261">
        <testcase name="testOkRenderLayoutTemplate with data set #0" assertions="2" time="0.019825"/>
        <testcase name="testOkRenderLayoutTemplate with data set #1" assertions="2" time="0.020436"/>
      </testsuite>
      <testsuite name="WebStream\Test\RouterTest::testOkGetResource" tests="6" assertions="12" failures="0" errors="0" time="0.106388">
        <testcase name="testOkGetResource with data set #0" assertions="2" time="0.017895"/>
        <testcase name="testOkGetResource with data set #1" assertions="2" time="0.017617"/>
        <testcase name="testOkGetResource with data set #2" assertions="2" time="0.017300"/>
        <testcase name="testOkGetResource with data set #3" assertions="2" time="0.017668"/>
        <testcase name="testOkGetResource with data set #4" assertions="2" time="0.017304"/>
        <testcase name="testOkGetResource with data set #5" assertions="2" time="0.018604"/>
      </testsuite>
      <testsuite name="WebStream\Test\RouterTest::testOkGetFile" tests="9" assertions="18" failures="0" errors="0" time="0.162802">
        <testcase name="testOkGetFile with data set #0" assertions="2" time="0.017586"/>
        <testcase name="testOkGetFile with data set #1" assertions="2" time="0.018238"/>
        <testcase name="testOkGetFile with data set #2" assertions="2" time="0.017449"/>
        <testcase name="testOkGetFile with data set #3" assertions="2" time="0.021499"/>
        <testcase name="testOkGetFile with data set #4" assertions="2" time="0.018143"/>
        <testcase name="testOkGetFile with data set #5" assertions="2" time="0.017553"/>
        <testcase name="testOkGetFile with data set #6" assertions="2" time="0.017277"/>
        <testcase name="testOkGetFile with data set #7" assertions="2" time="0.017170"/>
        <testcase name="testOkGetFile with data set #8" assertions="2" time="0.017888"/>
      </testsuite>
      <testsuite name="WebStream\Test\RouterTest::testOkRenderMethod" tests="5" assertions="10" failures="0" errors="0" time="0.100878">
        <testcase name="testOkRenderMethod with data set #0" assertions="2" time="0.019827"/>
        <testcase name="testOkRenderMethod with data set #1" assertions="2" time="0.020089"/>
        <testcase name="testOkRenderMethod with data set #2" assertions="2" time="0.019898"/>
        <testcase name="testOkRenderMethod with data set #3" assertions="2" time="0.020548"/>
        <testcase name="testOkRenderMethod with data set #4" assertions="2" time="0.020516"/>
      </testsuite>
      <testsuite name="WebStream\Test\RouterTest::testOkGetRequest" tests="1" assertions="2" failures="0" errors="0" time="0.020274">
        <testcase name="testOkGetRequest with data set #0" assertions="2" time="0.020274"/>
      </testsuite>
      <testsuite name="WebStream\Test\RouterTest::testOkPostRequest" tests="1" assertions="2" failures="0" errors="0" time="0.022758">
        <testcase name="testOkPostRequest with data set #0" assertions="2" time="0.022758"/>
      </testsuite>
      <testsuite name="WebStream\Test\RouterTest::testOkSetSession" tests="1" assertions="2" failures="0" errors="0" time="0.038716">
        <testcase name="testOkSetSession with data set #0" assertions="2" time="0.038716"/>
      </testsuite>
      <testsuite name="WebStream\Test\RouterTest::testOkReturnStatusCode" tests="6" assertions="6" failures="0" errors="0" time="0.613872">
        <testcase name="testOkReturnStatusCode with data set #0" assertions="1" time="0.498823"/>
        <testcase name="testOkReturnStatusCode with data set #1" assertions="1" time="0.025550"/>
        <testcase name="testOkReturnStatusCode with data set #2" assertions="1" time="0.022111"/>
        <testcase name="testOkReturnStatusCode with data set #3" assertions="1" time="0.022357"/>
        <testcase name="testOkReturnStatusCode with data set #4" assertions="1" time="0.022342"/>
        <testcase name="testOkReturnStatusCode with data set #5" assertions="1" time="0.022689"/>
      </testsuite>
      <testsuite name="WebStream\Test\RouterTest::testOkUseHelper" tests="3" assertions="3" failures="0" errors="0" time="0.069287">
        <testcase name="testOkUseHelper with data set #0" assertions="1" time="0.023692"/>
        <testcase name="testOkUseHelper with data set #1" assertions="1" time="0.022477"/>
        <testcase name="testOkUseHelper with data set #2" assertions="1" time="0.023118"/>
      </testsuite>
      <testsuite name="WebStream\Test\RouterTest::testOkHelperFunctionName" tests="2" assertions="2" failures="0" errors="0" time="0.045455">
        <testcase name="testOkHelperFunctionName with data set #0" assertions="1" time="0.022532"/>
        <testcase name="testOkHelperFunctionName with data set #1" assertions="1" time="0.022923"/>
      </testsuite>
      <testsuite name="WebStream\Test\RouterTest::testOkNotEntryReferenceInForm" tests="1" assertions="1" failures="0" errors="0" time="0.024031">
        <testcase name="testOkNotEntryReferenceInForm with data set #0" assertions="1" time="0.024031"/>
      </testsuite>
      <testcase name="testOkJson" class="WebStream\Test\RouterTest" file="/Users/stay/workspace2/WebStream/core/test/RouterTest.php" line="340" assertions="1" time="0.022284"/>
      <testcase name="testOkJsonp" class="WebStream\Test\RouterTest" file="/Users/stay/workspace2/WebStream/core/test/RouterTest.php" line="351" assertions="1" time="0.022072"/>
      <testsuite name="WebStream\Test\RouterTest::testNgResolveUnknown" tests="2" assertions="2" failures="0" errors="0" time="0.042031">
        <testcase name="testNgResolveUnknown with data set #0" assertions="1" time="0.021448"/>
        <testcase name="testNgResolveUnknown with data set #1" assertions="1" time="0.020583"/>
      </testsuite>
      <testsuite name="WebStream\Test\RouterTest::testNgResolveNotDefinePath" tests="1" assertions="1" failures="0" errors="0" time="0.019317">
        <testcase name="testNgResolveNotDefinePath with data set #0" assertions="1" time="0.019317"/>
      </testsuite>
      <testsuite name="WebStream\Test\RouterTest::testNgResolveRender" tests="1" assertions="1" failures="0" errors="0" time="0.017949">
        <testcase name="testNgResolveRender with data set #0" assertions="1" time="0.017949"/>
      </testsuite>
      <testsuite name="WebStream\Test\RouterTest::testNgResolveLayout" tests="1" assertions="1" failures="0" errors="0" time="0.017425">
        <testcase name="testNgResolveLayout with data set #0" assertions="1" time="0.017425"/>
      </testsuite>
      <testsuite name="WebStream\Test\RouterTest::testNgResolveRedirect" tests="1" assertions="1" failures="0" errors="0" time="0.017367">
        <testcase name="testNgResolveRedirect with data set #0" assertions="1" time="0.017367"/>
      </testsuite>
      <testsuite name="WebStream\Test\RouterTest::testNgResolveLoad" tests="1" assertions="1" failures="0" errors="0" time="0.017338">
        <testcase name="testNgResolveLoad with data set #0" assertions="1" time="0.017338"/>
      </testsuite>
      <testsuite name="WebStream\Test\RouterTest::testNgResolveBefore" tests="1" assertions="1" failures="0" errors="0" time="0.017985">
        <testcase name="testNgResolveBefore with data set #0" assertions="1" time="0.017985"/>
      </testsuite>
      <testsuite name="WebStream\Test\RouterTest::testNgResolveAfter" tests="1" assertions="1" failures="0" errors="0" time="0.017653">
        <testcase name="testNgResolveAfter with data set #0" assertions="1" time="0.017653"/>
      </testsuite>
      <testsuite name="WebStream\Test\RouterTest::testNgResolveCamelController" tests="3" assertions="3" failures="0" errors="0" time="0.052633">
        <testcase name="testNgResolveCamelController with data set #0" assertions="1" time="0.017691"/>
        <testcase name="testNgResolveCamelController with data set #1" assertions="1" time="0.017310"/>
        <testcase name="testNgResolveCamelController with data set #2" assertions="1" time="0.017632"/>
      </testsuite>
      <testsuite name="WebStream\Test\RouterTest::testNgResolveInvalidPath" tests="3" assertions="3" failures="0" errors="0" time="0.008125">
        <testcase name="testNgResolveInvalidPath with data set #0" assertions="1" time="0.002702"/>
        <testcase name="testNgResolveInvalidPath with data set #1" assertions="1" time="0.002537"/>
        <testcase name="testNgResolveInvalidPath with data set #2" assertions="1" time="0.002886"/>
      </testsuite>
      <testsuite name="WebStream\Test\RouterTest::testNgProhibitPath" tests="9" assertions="9" failures="0" errors="0" time="0.021311">
        <testcase name="testNgProhibitPath with data set #0" assertions="1" time="0.002503"/>
        <testcase name="testNgProhibitPath with data set #1" assertions="1" time="0.002305"/>
        <testcase name="testNgProhibitPath with data set #2" assertions="1" time="0.002221"/>
        <testcase name="testNgProhibitPath with data set #3" assertions="1" time="0.002471"/>
        <testcase name="testNgProhibitPath with data set #4" assertions="1" time="0.002304"/>
        <testcase name="testNgProhibitPath with data set #5" assertions="1" time="0.002253"/>
        <testcase name="testNgProhibitPath with data set #6" assertions="1" time="0.002261"/>
        <testcase name="testNgProhibitPath with data set #7" assertions="1" time="0.002649"/>
        <testcase name="testNgProhibitPath with data set #8" assertions="1" time="0.002344"/>
      </testsuite>
      <testsuite name="WebStream\Test\RouterTest::testNgMultipleSnakeController" tests="2" assertions="2" failures="0" errors="0" time="0.035320">
        <testcase name="testNgMultipleSnakeController with data set #0" assertions="1" time="0.017409"/>
        <testcase name="testNgMultipleSnakeController with data set #1" assertions="1" time="0.017911"/>
      </testsuite>
      <testsuite name="WebStream\Test\RouterTest::testNgUriWithoutUtf8EncodedString" tests="2" assertions="4" failures="0" errors="0" time="0.042728">
        <testcase name="testNgUriWithoutUtf8EncodedString with data set #0" assertions="2" time="0.021626"/>
        <testcase name="testNgUriWithoutUtf8EncodedString with data set #1" assertions="2" time="0.021102"/>
      </testsuite>
      <testsuite name="WebStream\Test\RouterTest::testNgUriWithNullByte" tests="1" assertions="1" failures="0" errors="0" time="0.003235">
        <testcase name="testNgUriWithNullByte with data set #0" assertions="1" time="0.003235"/>
      </testsuite>
      <testsuite name="WebStream\Test\RouterTest::testNgNoServiceNoModel" tests="1" assertions="1" failures="0" errors="0" time="0.020835">
        <testcase name="testNgNoServiceNoModel with data set #0" assertions="1" time="0.020835"/>
      </testsuite>
      <testsuite name="WebStream\Test\RouterTest::testExistServiceExistModelNoMethod" tests="1" assertions="1" failures="0" errors="0" time="0.021681">
        <testcase name="testExistServiceExistModelNoMethod with data set #0" assertions="1" time="0.021681"/>
      </testsuite>
      <testsuite name="WebStream\Test\RouterTest::testNgNoServiceExistModelNoMethod" tests="1" assertions="1" failures="0" errors="0" time="0.023982">
        <testcase name="testNgNoServiceExistModelNoMethod with data set #0" assertions="1" time="0.023982"/>
      </testsuite>
      <testsuite name="WebStream\Test\RouterTest::testNgExistServiceNoModelNoMethod" tests="1" assertions="1" failures="0" errors="0" time="0.020555">
        <testcase name="testNgExistServiceNoModelNoMethod with data set #0" assertions="1" time="0.020555"/>
      </testsuite>
      <testsuite name="WebStream\Test\RouterTest::testNgNotFoundRenderMethodProvider" tests="1" assertions="1" failures="0" errors="0" time="0.022368">
        <testcase name="testNgNotFoundRenderMethodProvider with data set #0" assertions="1" time="0.022368"/>
      </testsuite>
      <testsuite name="WebStream\Test\RouterTest::testNgNotFoundHelperMethod" tests="1" assertions="1" failures="0" errors="0" time="0.023591">
        <testcase name="testNgNotFoundHelperMethod with data set #0" assertions="1" time="0.023591"/>
      </testsuite>
    </testsuite>
    <testsuite name="WebStream\Test\SecurityTest" file="/Users/stay/workspace2/WebStream/core/test/SecurityTest.php" namespace="WebStream\Test" fullPackage="WebStream.Test" tests="6" assertions="5" failures="0" errors="0" time="0.077033">
      <testsuite name="WebStream\Test\SecurityTest::testOkDeleteInvisibleCharacter" tests="1" assertions="1" failures="0" errors="0" time="0.002159">
        <testcase name="testOkDeleteInvisibleCharacter with data set #0" assertions="1" time="0.002159"/>
      </testsuite>
      <testsuite name="WebStream\Test\SecurityTest::testOkReplaceXSSStrings" tests="1" assertions="1" failures="0" errors="0" time="0.002410">
        <testcase name="testOkReplaceXSSStrings with data set #0" assertions="1" time="0.002410"/>
      </testsuite>
      <testcase name="testOkCreateCsrfToken" class="WebStream\Test\SecurityTest" file="/Users/stay/workspace2/WebStream/core/test/SecurityTest.php" line="43" assertions="1" time="0.023017"/>
      <testcase name="testOkCsrfCheckByPostRequest" class="WebStream\Test\SecurityTest" file="/Users/stay/workspace2/WebStream/core/test/SecurityTest.php" line="58" assertions="0" time="0.002201"/>
      <testsuite name="WebStream\Test\SecurityTest::testOkCsrfCheckRequest" tests="2" assertions="2" failures="0" errors="0" time="0.047246">
        <testcase name="testOkCsrfCheckRequest with data set #0" assertions="1" time="0.024624"/>
        <testcase name="testOkCsrfCheckRequest with data set #1" assertions="1" time="0.022622"/>
      </testsuite>
    </testsuite>
    <testsuite name="WebStream\Test\UtilityTest" file="/Users/stay/workspace2/WebStream/core/test/UtilityTest.php" namespace="WebStream\Test" fullPackage="WebStream.Test" tests="15" assertions="16" failures="0" errors="0" time="0.425762">
      <testsuite name="WebStream\Test\UtilityTest::testCamel2Snake" tests="5" assertions="5" failures="0" errors="0" time="0.010579">
        <testcase name="testCamel2Snake with data set #0" assertions="1" time="0.002222"/>
        <testcase name="testCamel2Snake with data set #1" assertions="1" time="0.002316"/>
        <testcase name="testCamel2Snake with data set #2" assertions="1" time="0.002139"/>
        <testcase name="testCamel2Snake with data set #3" assertions="1" time="0.001970"/>
        <testcase name="testCamel2Snake with data set #4" assertions="1" time="0.001932"/>
      </testsuite>
      <testsuite name="WebStream\Test\UtilityTest::testXml2Array" tests="1" assertions="2" failures="0" errors="0" time="0.391184">
        <testcase name="testXml2Array with data set #0" assertions="2" time="0.391184"/>
      </testsuite>
      <testsuite name="WebStream\Test\UtilityTest::testEncodeAndDecode" tests="4" assertions="4" failures="0" errors="0" time="0.014043">
        <testcase name="testEncodeAndDecode with data set #0" assertions="1" time="0.002770"/>
        <testcase name="testEncodeAndDecode with data set #1" assertions="1" time="0.002483"/>
        <testcase name="testEncodeAndDecode with data set #2" assertions="1" time="0.002733"/>
        <testcase name="testEncodeAndDecode with data set #3" assertions="1" time="0.006057"/>
      </testsuite>
      <testsuite name="WebStream\Test\UtilityTest::testSnake2UpperCamel" tests="3" assertions="3" failures="0" errors="0" time="0.005913">
        <testcase name="testSnake2UpperCamel with data set #0" assertions="1" time="0.002064"/>
        <testcase name="testSnake2UpperCamel with data set #1" assertions="1" time="0.001921"/>
        <testcase name="testSnake2UpperCamel with data set #2" assertions="1" time="0.001928"/>
      </testsuite>
      <testsuite name="WebStream\Test\UtilityTest::testSnake2LowerCamel" tests="2" assertions="2" failures="0" errors="0" time="0.004043">
        <testcase name="testSnake2LowerCamel with data set #0" assertions="1" time="0.002073"/>
        <testcase name="testSnake2LowerCamel with data set #1" assertions="1" time="0.001970"/>
      </testsuite>
    </testsuite>
    <testsuite name="WebStream\Test\ValidatorTest" file="/Users/stay/workspace2/WebStream/core/test/ValidatorTest.php" namespace="WebStream\Test" fullPackage="WebStream.Test" tests="51" assertions="54" failures="3" errors="0" time="0.913259">
      <testsuite name="WebStream\Test\ValidatorTest::testOkValidation" tests="1" assertions="1" failures="0" errors="0" time="0.003343">
        <testcase name="testOkValidation with data set #0" assertions="1" time="0.003343"/>
      </testsuite>
      <testcase name="testOkValidateErrorHandling" class="WebStream\Test\ValidatorTest" file="/Users/stay/workspace2/WebStream/core/test/ValidatorTest.php" line="42" assertions="2" time="0.022026">
        <failure type="PHPUnit_Framework_ExpectationFailedException">WebStream\Test\ValidatorTest::testOkValidateErrorHandling
Failed asserting that two strings are equal.
--- Expected
+++ Actual
@@ @@
-'&lt;br /&gt;
-&lt;b&gt;Warning&lt;/b&gt;:  error_log(/Users/stay/workspace2/WebStream/core/test/testdata/log/stream.log) [&lt;a href='function.error-log'&gt;function.error-log&lt;/a&gt;]: failed to open stream: Permission denied in &lt;b&gt;/Users/stay/workspace2/WebStream/core/Logger.php&lt;/b&gt; on line &lt;b&gt;186&lt;/b&gt;&lt;br /&gt;
-&lt;br /&gt;
-&lt;b&gt;Warning&lt;/b&gt;:  error_log(/Users/stay/workspace2/WebStream/core/test/testdata/log/stream.log) [&lt;a href='function.error-log'&gt;function.error-log&lt;/a&gt;]: failed to open stream: Permission denied in &lt;b&gt;/Users/stay/workspace2/WebStream/core/Logger.php&lt;/b&gt; on line &lt;b&gt;186&lt;/b&gt;&lt;br /&gt;
-required'
+'required'

/Users/stay/workspace2/WebStream/core/test/ValidatorTest.php:47
/opt/local/bin/pear/share/pear/phing/tasks/ext/phpunit/PHPUnitTestRunner.php:118
/opt/local/bin/pear/share/pear/phing/tasks/ext/phpunit/PHPUnitTask.php:311
/opt/local/bin/pear/share/pear/phing/tasks/ext/phpunit/PHPUnitTask.php:251
/opt/local/bin/pear/share/pear/phing/Task.php:253
/opt/local/bin/pear/share/pear/phing/Target.php:277
/opt/local/bin/pear/share/pear/phing/Target.php:300
/opt/local/bin/pear/share/pear/phing/Project.php:733
/opt/local/bin/pear/share/pear/phing/Project.php:706
/opt/local/bin/pear/share/pear/phing/Phing.php:564
/opt/local/bin/pear/share/pear/phing/Phing.php:170
/opt/local/bin/pear/share/pear/phing/Phing.php:270
/opt/local/bin/pear/share/pear/phing.php:37
</failure>
      </testcase>
      <testsuite name="WebStream\Test\ValidatorTest::testOkValidateErrorHandlingMulti" tests="2" assertions="4" failures="2" errors="0" time="0.043337">
        <testcase name="testOkValidateErrorHandlingMulti with data set #0" assertions="2" time="0.021468">
          <failure type="PHPUnit_Framework_ExpectationFailedException">WebStream\Test\ValidatorTest::testOkValidateErrorHandlingMulti with data set #0 ('a', 'min_length[2]')
Failed asserting that two strings are equal.
--- Expected
+++ Actual
@@ @@
-'&lt;br /&gt;
-&lt;b&gt;Warning&lt;/b&gt;:  error_log(/Users/stay/workspace2/WebStream/core/test/testdata/log/stream.log) [&lt;a href='function.error-log'&gt;function.error-log&lt;/a&gt;]: failed to open stream: Permission denied in &lt;b&gt;/Users/stay/workspace2/WebStream/core/Logger.php&lt;/b&gt; on line &lt;b&gt;186&lt;/b&gt;&lt;br /&gt;
-&lt;br /&gt;
-&lt;b&gt;Warning&lt;/b&gt;:  error_log(/Users/stay/workspace2/WebStream/core/test/testdata/log/stream.log) [&lt;a href='function.error-log'&gt;function.error-log&lt;/a&gt;]: failed to open stream: Permission denied in &lt;b&gt;/Users/stay/workspace2/WebStream/core/Logger.php&lt;/b&gt; on line &lt;b&gt;186&lt;/b&gt;&lt;br /&gt;
-min_length[2]'
+'min_length[2]'

/Users/stay/workspace2/WebStream/core/test/ValidatorTest.php:63
/opt/local/bin/pear/share/pear/phing/tasks/ext/phpunit/PHPUnitTestRunner.php:118
/opt/local/bin/pear/share/pear/phing/tasks/ext/phpunit/PHPUnitTask.php:311
/opt/local/bin/pear/share/pear/phing/tasks/ext/phpunit/PHPUnitTask.php:251
/opt/local/bin/pear/share/pear/phing/Task.php:253
/opt/local/bin/pear/share/pear/phing/Target.php:277
/opt/local/bin/pear/share/pear/phing/Target.php:300
/opt/local/bin/pear/share/pear/phing/Project.php:733
/opt/local/bin/pear/share/pear/phing/Project.php:706
/opt/local/bin/pear/share/pear/phing/Phing.php:564
/opt/local/bin/pear/share/pear/phing/Phing.php:170
/opt/local/bin/pear/share/pear/phing/Phing.php:270
/opt/local/bin/pear/share/pear/phing.php:37
</failure>
        </testcase>
        <testcase name="testOkValidateErrorHandlingMulti with data set #1" assertions="2" time="0.021869">
          <failure type="PHPUnit_Framework_ExpectationFailedException">WebStream\Test\ValidatorTest::testOkValidateErrorHandlingMulti with data set #1 ('yui', 'equal[kyouko]')
Failed asserting that two strings are equal.
--- Expected
+++ Actual
@@ @@
-'&lt;br /&gt;
-&lt;b&gt;Warning&lt;/b&gt;:  error_log(/Users/stay/workspace2/WebStream/core/test/testdata/log/stream.log) [&lt;a href='function.error-log'&gt;function.error-log&lt;/a&gt;]: failed to open stream: Permission denied in &lt;b&gt;/Users/stay/workspace2/WebStream/core/Logger.php&lt;/b&gt; on line &lt;b&gt;186&lt;/b&gt;&lt;br /&gt;
-&lt;br /&gt;
-&lt;b&gt;Warning&lt;/b&gt;:  error_log(/Users/stay/workspace2/WebStream/core/test/testdata/log/stream.log) [&lt;a href='function.error-log'&gt;function.error-log&lt;/a&gt;]: failed to open stream: Permission denied in &lt;b&gt;/Users/stay/workspace2/WebStream/core/Logger.php&lt;/b&gt; on line &lt;b&gt;186&lt;/b&gt;&lt;br /&gt;
-equal[kyouko]'
+'equal[kyouko]'

/Users/stay/workspace2/WebStream/core/test/ValidatorTest.php:63
/opt/local/bin/pear/share/pear/phing/tasks/ext/phpunit/PHPUnitTestRunner.php:118
/opt/local/bin/pear/share/pear/phing/tasks/ext/phpunit/PHPUnitTask.php:311
/opt/local/bin/pear/share/pear/phing/tasks/ext/phpunit/PHPUnitTask.php:251
/opt/local/bin/pear/share/pear/phing/Task.php:253
/opt/local/bin/pear/share/pear/phing/Target.php:277
/opt/local/bin/pear/share/pear/phing/Target.php:300
/opt/local/bin/pear/share/pear/phing/Project.php:733
/opt/local/bin/pear/share/pear/phing/Project.php:706
/opt/local/bin/pear/share/pear/phing/Phing.php:564
/opt/local/bin/pear/share/pear/phing/Phing.php:170
/opt/local/bin/pear/share/pear/phing/Phing.php:270
/opt/local/bin/pear/share/pear/phing.php:37
</failure>
        </testcase>
      </testsuite>
      <testsuite name="WebStream\Test\ValidatorTest::testNgInvalidController" tests="1" assertions="1" failures="0" errors="0" time="0.002780">
        <testcase name="testNgInvalidController with data set #0" assertions="1" time="0.002780"/>
      </testsuite>
      <testsuite name="WebStream\Test\ValidatorTest::testNgInvalidAction" tests="1" assertions="1" failures="0" errors="0" time="0.002958">
        <testcase name="testNgInvalidAction with data set #0" assertions="1" time="0.002958"/>
      </testsuite>
      <testsuite name="WebStream\Test\ValidatorTest::testNgInvalidRule" tests="6" assertions="6" failures="0" errors="0" time="0.013558">
        <testcase name="testNgInvalidRule with data set #0" assertions="1" time="0.002380"/>
        <testcase name="testNgInvalidRule with data set #1" assertions="1" time="0.002218"/>
        <testcase name="testNgInvalidRule with data set #2" assertions="1" time="0.002217"/>
        <testcase name="testNgInvalidRule with data set #3" assertions="1" time="0.002245"/>
        <testcase name="testNgInvalidRule with data set #4" assertions="1" time="0.002226"/>
        <testcase name="testNgInvalidRule with data set #5" assertions="1" time="0.002272"/>
      </testsuite>
      <testcase name="testNgInvalidRequestMethod" class="WebStream\Test\ValidatorTest" file="/Users/stay/workspace2/WebStream/core/test/ValidatorTest.php" line="104" assertions="1" time="0.002254"/>
      <testcase name="testNgNoRequiredParameterByGet" class="WebStream\Test\ValidatorTest" file="/Users/stay/workspace2/WebStream/core/test/ValidatorTest.php" line="113" assertions="1" time="0.020634"/>
      <testcase name="testNgNoRequiredEmptyParameterByGet" class="WebStream\Test\ValidatorTest" file="/Users/stay/workspace2/WebStream/core/test/ValidatorTest.php" line="124" assertions="1" time="0.020665"/>
      <testsuite name="WebStream\Test\ValidatorTest::testNgLessThanMinLengthParameterByGet" tests="2" assertions="2" failures="0" errors="0" time="0.043130">
        <testcase name="testNgLessThanMinLengthParameterByGet with data set #0" assertions="1" time="0.022247"/>
        <testcase name="testNgLessThanMinLengthParameterByGet with data set #1" assertions="1" time="0.020883"/>
      </testsuite>
      <testsuite name="WebStream\Test\ValidatorTest::testNgMoreThanMaxLengthParameterByGet" tests="2" assertions="2" failures="0" errors="0" time="0.042366">
        <testcase name="testNgMoreThanMaxLengthParameterByGet with data set #0" assertions="1" time="0.021022"/>
        <testcase name="testNgMoreThanMaxLengthParameterByGet with data set #1" assertions="1" time="0.021344"/>
      </testsuite>
      <testsuite name="WebStream\Test\ValidatorTest::testNgLessThanMinParameterByGet" tests="3" assertions="3" failures="0" errors="0" time="0.064869">
        <testcase name="testNgLessThanMinParameterByGet with data set #0" assertions="1" time="0.021337"/>
        <testcase name="testNgLessThanMinParameterByGet with data set #1" assertions="1" time="0.021449"/>
        <testcase name="testNgLessThanMinParameterByGet with data set #2" assertions="1" time="0.022083"/>
      </testsuite>
      <testsuite name="WebStream\Test\ValidatorTest::testNgMoreThanMaxParameterByGet" tests="2" assertions="2" failures="0" errors="0" time="0.043425">
        <testcase name="testNgMoreThanMaxParameterByGet with data set #0" assertions="1" time="0.021886"/>
        <testcase name="testNgMoreThanMaxParameterByGet with data set #1" assertions="1" time="0.021539"/>
      </testsuite>
      <testcase name="testNgNotEqualParameterByGet" class="WebStream\Test\ValidatorTest" file="/Users/stay/workspace2/WebStream/core/test/ValidatorTest.php" line="187" assertions="1" time="0.021350"/>
      <testsuite name="WebStream\Test\ValidatorTest::testNgNotEqualLengthParameterByGet" tests="4" assertions="4" failures="0" errors="0" time="0.086650">
        <testcase name="testNgNotEqualLengthParameterByGet with data set #0" assertions="1" time="0.021846"/>
        <testcase name="testNgNotEqualLengthParameterByGet with data set #1" assertions="1" time="0.021526"/>
        <testcase name="testNgNotEqualLengthParameterByGet with data set #2" assertions="1" time="0.021384"/>
        <testcase name="testNgNotEqualLengthParameterByGet with data set #3" assertions="1" time="0.021894"/>
      </testsuite>
      <testsuite name="WebStream\Test\ValidatorTest::testNgOutOfRangeParameterByGet" tests="2" assertions="2" failures="0" errors="0" time="0.042592">
        <testcase name="testNgOutOfRangeParameterByGet with data set #0" assertions="1" time="0.021245"/>
        <testcase name="testNgOutOfRangeParameterByGet with data set #1" assertions="1" time="0.021347"/>
      </testsuite>
      <testcase name="testNgUnmatchRegexpParameterByGet" class="WebStream\Test\ValidatorTest" file="/Users/stay/workspace2/WebStream/core/test/ValidatorTest.php" line="222" assertions="1" time="0.022590"/>
      <testcase name="testNgNoRequiredParameterByPost" class="WebStream\Test\ValidatorTest" file="/Users/stay/workspace2/WebStream/core/test/ValidatorTest.php" line="233" assertions="1" time="0.022361"/>
      <testcase name="testNgNoRequiredEmptyParameterByPost" class="WebStream\Test\ValidatorTest" file="/Users/stay/workspace2/WebStream/core/test/ValidatorTest.php" line="245" assertions="1" time="0.021834"/>
      <testsuite name="WebStream\Test\ValidatorTest::testNgLessThanMinLengthParameterByPost" tests="2" assertions="2" failures="0" errors="0" time="0.044614">
        <testcase name="testNgLessThanMinLengthParameterByPost with data set #0" assertions="1" time="0.021697"/>
        <testcase name="testNgLessThanMinLengthParameterByPost with data set #1" assertions="1" time="0.022917"/>
      </testsuite>
      <testsuite name="WebStream\Test\ValidatorTest::testNgMoreThanMaxLengthParameterByPost" tests="2" assertions="2" failures="0" errors="0" time="0.043597">
        <testcase name="testNgMoreThanMaxLengthParameterByPost with data set #0" assertions="1" time="0.021589"/>
        <testcase name="testNgMoreThanMaxLengthParameterByPost with data set #1" assertions="1" time="0.022008"/>
      </testsuite>
      <testsuite name="WebStream\Test\ValidatorTest::testNgLessThanMinParameterByPost" tests="3" assertions="3" failures="0" errors="0" time="0.064663">
        <testcase name="testNgLessThanMinParameterByPost with data set #0" assertions="1" time="0.021546"/>
        <testcase name="testNgLessThanMinParameterByPost with data set #1" assertions="1" time="0.021588"/>
        <testcase name="testNgLessThanMinParameterByPost with data set #2" assertions="1" time="0.021529"/>
      </testsuite>
      <testsuite name="WebStream\Test\ValidatorTest::testNgMoreThanMaxParameterByPost" tests="2" assertions="2" failures="0" errors="0" time="0.043957">
        <testcase name="testNgMoreThanMaxParameterByPost with data set #0" assertions="1" time="0.022384"/>
        <testcase name="testNgMoreThanMaxParameterByPost with data set #1" assertions="1" time="0.021573"/>
      </testsuite>
      <testcase name="testNgNotEqualParameterByPost" class="WebStream\Test\ValidatorTest" file="/Users/stay/workspace2/WebStream/core/test/ValidatorTest.php" line="313" assertions="1" time="0.021611"/>
      <testsuite name="WebStream\Test\ValidatorTest::testNgNotEqualLengthParameterByPost" tests="4" assertions="4" failures="0" errors="0" time="0.086527">
        <testcase name="testNgNotEqualLengthParameterByPost with data set #0" assertions="1" time="0.021708"/>
        <testcase name="testNgNotEqualLengthParameterByPost with data set #1" assertions="1" time="0.021440"/>
        <testcase name="testNgNotEqualLengthParameterByPost with data set #2" assertions="1" time="0.021664"/>
        <testcase name="testNgNotEqualLengthParameterByPost with data set #3" assertions="1" time="0.021715"/>
      </testsuite>
      <testsuite name="WebStream\Test\ValidatorTest::testNgOutOfRangeParameterByPost" tests="2" assertions="2" failures="0" errors="0" time="0.043907">
        <testcase name="testNgOutOfRangeParameterByPost with data set #0" assertions="1" time="0.021796"/>
        <testcase name="testNgOutOfRangeParameterByPost with data set #1" assertions="1" time="0.022111"/>
      </testsuite>
      <testcase name="testNgUnmatchRegexpParameterByPost" class="WebStream\Test\ValidatorTest" file="/Users/stay/workspace2/WebStream/core/test/ValidatorTest.php" line="351" assertions="1" time="0.021661"/>
    </testsuite>
  </testsuite>
</testsuites>
